   0  $accept : %entry% $end

   1  s : decl_instr_list EOF

   2  decl_instr : decl
   3             | instr

   4  decl_instr_list :
   5                  | decl_instr decl_instr_list

   6  decl : Type Id Eq type_expr PVirgule
   7       | Let bindings PVirgule
   8       | Const bindings PVirgule
   9       | Function Id Lpar possible_empty_bindings Rpar to_ LAcc decl_instr_list RAcc

  10  possible_empty_bindings :
  11                          | bindings

  12  instr : instr_mached
  13        | instr_non_mached

  14  eo : Eq expr
  15     |

  16  instr_mached : PVirgule
  17               | expr PVirgule
  18               | LAcc decl_instr_list RAcc
  19               | Var_decl bindings PVirgule
  20               | If Lpar expr Rpar instr_mached Else instr_mached
  21               | While Lpar expr Rpar instr_mached
  22               | Return PVirgule
  23               | Return expr PVirgule

  24  instr_non_mached : If Lpar expr Rpar instr
  25                   | If Lpar expr Rpar instr_mached Else instr_non_mached

  26  expr : Lpar expr Rpar
  27       | Cst_int
  28       | Cst_float
  29       | Cst_bool
  30       | Cst_string
  31       | left_mem
  32       | LAcc obj_list RAcc
  33       | LBracket tab_expr_list RBracket
  34       | expr Lpar expr_list Rpar
  35       | Typeof expr
  36       | Minus expr
  37       | Plus expr
  38       | expr Exp expr
  39       | expr Times expr
  40       | expr Div expr
  41       | expr Plus expr
  42       | expr Minus expr
  43       | expr Comp_lt expr
  44       | expr Comp_le expr
  45       | expr Comp_gt expr
  46       | expr Comp_ge expr
  47       | expr Double_eq expr
  48       | expr Diff expr
  49       | expr Triple_eq expr
  50       | expr Double_diff expr
  51       | expr And expr
  52       | expr Or expr
  53       | left_mem Eq expr

  54  tab_expr_list :
  55                | expr
  56                | expr Virgule tab_expr_list

  57  expr_list :
  58            | expr
  59            | expr Virgule expr_list

  60  pt_v_or_virgule : PVirgule
  61                  | Virgule

  62  obj_list : Id DPoints expr
  63           | Id DPoints expr pt_v_or_virgule obj_list

  64  to_ :
  65      | DPoints type_expr

  66  eo :
  67     | Eq expr

  68  binding : Id to_ eo

  69  bindings : binding
  70           | binding Virgule bindings

  71  left_mem : Id
  72           | expr LBracket expr RBracket
  73           | expr Point Id

  74  type_expr : Id
  75            | Cst_string
  76            | Cst_bool
  77            | Cst_float
  78            | Cst_int
  79            | Type_num
  80            | Type_bool
  81            | Type_string
  82            | type_expr LBracket RBracket
  83            | Any
  84            | LAcc type_obj RAcc
  85            | type_expr Barre union_type

  86  type_obj :
  87           | id_or_type pt_v_or_virgule type_obj

  88  union_type : type_expr
  89             | type_expr Barre union_type

  90  id_or_type : Id
  91             | Id DPoints type_expr

  92  %entry% : '\001' s

state 0
	$accept : . %entry% $end  (0)

	'\001'  shift 1
	.  error

	%entry%  goto 2


state 1
	%entry% : '\001' . s  (92)
	decl_instr_list : .  (4)

	Plus  shift 3
	Minus  shift 4
	Lpar  shift 5
	Typeof  shift 6
	LBracket  shift 7
	LAcc  shift 8
	PVirgule  shift 9
	Var_decl  shift 10
	If  shift 11
	While  shift 12
	Return  shift 13
	Type  shift 14
	Let  shift 15
	Const  shift 16
	Function  shift 17
	Cst_int  shift 18
	Cst_float  shift 19
	Cst_bool  shift 20
	Cst_string  shift 21
	Id  shift 22
	EOF  reduce 4

	s  goto 23
	decl_instr_list  goto 24
	decl_instr  goto 25
	decl  goto 26
	instr  goto 27
	instr_mached  goto 28
	instr_non_mached  goto 29
	expr  goto 30
	left_mem  goto 31


state 2
	$accept : %entry% . $end  (0)

	$end  accept


state 3
	expr : Plus . expr  (37)

	Plus  shift 3
	Minus  shift 4
	Lpar  shift 5
	Typeof  shift 6
	LBracket  shift 7
	LAcc  shift 32
	Cst_int  shift 18
	Cst_float  shift 19
	Cst_bool  shift 20
	Cst_string  shift 21
	Id  shift 22
	.  error

	expr  goto 33
	left_mem  goto 31


state 4
	expr : Minus . expr  (36)

	Plus  shift 3
	Minus  shift 4
	Lpar  shift 5
	Typeof  shift 6
	LBracket  shift 7
	LAcc  shift 32
	Cst_int  shift 18
	Cst_float  shift 19
	Cst_bool  shift 20
	Cst_string  shift 21
	Id  shift 22
	.  error

	expr  goto 34
	left_mem  goto 31


state 5
	expr : Lpar . expr Rpar  (26)

	Plus  shift 3
	Minus  shift 4
	Lpar  shift 5
	Typeof  shift 6
	LBracket  shift 7
	LAcc  shift 32
	Cst_int  shift 18
	Cst_float  shift 19
	Cst_bool  shift 20
	Cst_string  shift 21
	Id  shift 22
	.  error

	expr  goto 35
	left_mem  goto 31


state 6
	expr : Typeof . expr  (35)

	Plus  shift 3
	Minus  shift 4
	Lpar  shift 5
	Typeof  shift 6
	LBracket  shift 7
	LAcc  shift 32
	Cst_int  shift 18
	Cst_float  shift 19
	Cst_bool  shift 20
	Cst_string  shift 21
	Id  shift 22
	.  error

	expr  goto 36
	left_mem  goto 31


state 7
	expr : LBracket . tab_expr_list RBracket  (33)
	tab_expr_list : .  (54)

	Plus  shift 3
	Minus  shift 4
	Lpar  shift 5
	Typeof  shift 6
	LBracket  shift 7
	LAcc  shift 32
	Cst_int  shift 18
	Cst_float  shift 19
	Cst_bool  shift 20
	Cst_string  shift 21
	Id  shift 22
	RBracket  reduce 54

	expr  goto 37
	left_mem  goto 31
	tab_expr_list  goto 38


state 8
	instr_mached : LAcc . decl_instr_list RAcc  (18)
	expr : LAcc . obj_list RAcc  (32)
	decl_instr_list : .  (4)

	Plus  shift 3
	Minus  shift 4
	Lpar  shift 5
	Typeof  shift 6
	LBracket  shift 7
	LAcc  shift 8
	PVirgule  shift 9
	Var_decl  shift 10
	If  shift 11
	While  shift 12
	Return  shift 13
	Type  shift 14
	Let  shift 15
	Const  shift 16
	Function  shift 17
	Cst_int  shift 18
	Cst_float  shift 19
	Cst_bool  shift 20
	Cst_string  shift 21
	Id  shift 39
	RAcc  reduce 4

	decl_instr_list  goto 40
	decl_instr  goto 25
	decl  goto 26
	instr  goto 27
	instr_mached  goto 28
	instr_non_mached  goto 29
	expr  goto 30
	left_mem  goto 31
	obj_list  goto 41


state 9
	instr_mached : PVirgule .  (16)

	.  reduce 16


state 10
	instr_mached : Var_decl . bindings PVirgule  (19)

	Id  shift 42
	.  error

	bindings  goto 43
	binding  goto 44


state 11
	instr_mached : If . Lpar expr Rpar instr_mached Else instr_mached  (20)
	instr_non_mached : If . Lpar expr Rpar instr  (24)
	instr_non_mached : If . Lpar expr Rpar instr_mached Else instr_non_mached  (25)

	Lpar  shift 45
	.  error


state 12
	instr_mached : While . Lpar expr Rpar instr_mached  (21)

	Lpar  shift 46
	.  error


state 13
	instr_mached : Return . PVirgule  (22)
	instr_mached : Return . expr PVirgule  (23)

	Plus  shift 3
	Minus  shift 4
	Lpar  shift 5
	Typeof  shift 6
	LBracket  shift 7
	LAcc  shift 32
	PVirgule  shift 47
	Cst_int  shift 18
	Cst_float  shift 19
	Cst_bool  shift 20
	Cst_string  shift 21
	Id  shift 22
	.  error

	expr  goto 48
	left_mem  goto 31


state 14
	decl : Type . Id Eq type_expr PVirgule  (6)

	Id  shift 49
	.  error


state 15
	decl : Let . bindings PVirgule  (7)

	Id  shift 42
	.  error

	bindings  goto 50
	binding  goto 44


state 16
	decl : Const . bindings PVirgule  (8)

	Id  shift 42
	.  error

	bindings  goto 51
	binding  goto 44


state 17
	decl : Function . Id Lpar possible_empty_bindings Rpar to_ LAcc decl_instr_list RAcc  (9)

	Id  shift 52
	.  error


state 18
	expr : Cst_int .  (27)

	.  reduce 27


state 19
	expr : Cst_float .  (28)

	.  reduce 28


state 20
	expr : Cst_bool .  (29)

	.  reduce 29


state 21
	expr : Cst_string .  (30)

	.  reduce 30


state 22
	left_mem : Id .  (71)

	.  reduce 71


state 23
	%entry% : '\001' s .  (92)

	.  reduce 92


state 24
	s : decl_instr_list . EOF  (1)

	EOF  shift 53
	.  error


state 25
	decl_instr_list : decl_instr . decl_instr_list  (5)
	decl_instr_list : .  (4)

	Plus  shift 3
	Minus  shift 4
	Lpar  shift 5
	Typeof  shift 6
	LBracket  shift 7
	LAcc  shift 8
	PVirgule  shift 9
	Var_decl  shift 10
	If  shift 11
	While  shift 12
	Return  shift 13
	Type  shift 14
	Let  shift 15
	Const  shift 16
	Function  shift 17
	Cst_int  shift 18
	Cst_float  shift 19
	Cst_bool  shift 20
	Cst_string  shift 21
	Id  shift 22
	EOF  reduce 4
	RAcc  reduce 4

	decl_instr_list  goto 54
	decl_instr  goto 25
	decl  goto 26
	instr  goto 27
	instr_mached  goto 28
	instr_non_mached  goto 29
	expr  goto 30
	left_mem  goto 31


state 26
	decl_instr : decl .  (2)

	.  reduce 2


state 27
	decl_instr : instr .  (3)

	.  reduce 3


state 28
	instr : instr_mached .  (12)

	.  reduce 12


state 29
	instr : instr_non_mached .  (13)

	.  reduce 13


state 30
	instr_mached : expr . PVirgule  (17)
	expr : expr . Lpar expr_list Rpar  (34)
	expr : expr . Exp expr  (38)
	expr : expr . Times expr  (39)
	expr : expr . Div expr  (40)
	expr : expr . Plus expr  (41)
	expr : expr . Minus expr  (42)
	expr : expr . Comp_lt expr  (43)
	expr : expr . Comp_le expr  (44)
	expr : expr . Comp_gt expr  (45)
	expr : expr . Comp_ge expr  (46)
	expr : expr . Double_eq expr  (47)
	expr : expr . Diff expr  (48)
	expr : expr . Triple_eq expr  (49)
	expr : expr . Double_diff expr  (50)
	expr : expr . And expr  (51)
	expr : expr . Or expr  (52)
	left_mem : expr . LBracket expr RBracket  (72)
	left_mem : expr . Point Id  (73)

	Plus  shift 55
	Times  shift 56
	Minus  shift 57
	Lpar  shift 58
	Point  shift 59
	Exp  shift 60
	Div  shift 61
	Comp_lt  shift 62
	Comp_le  shift 63
	Comp_gt  shift 64
	Comp_ge  shift 65
	Double_eq  shift 66
	Triple_eq  shift 67
	Diff  shift 68
	Double_diff  shift 69
	And  shift 70
	Or  shift 71
	LBracket  shift 72
	PVirgule  shift 73
	.  error


state 31
	expr : left_mem .  (31)
	expr : left_mem . Eq expr  (53)

	Eq  shift 74
	Plus  reduce 31
	Times  reduce 31
	Minus  reduce 31
	Lpar  reduce 31
	Rpar  reduce 31
	Point  reduce 31
	Exp  reduce 31
	Div  reduce 31
	Comp_lt  reduce 31
	Comp_le  reduce 31
	Comp_gt  reduce 31
	Comp_ge  reduce 31
	Double_eq  reduce 31
	Triple_eq  reduce 31
	Diff  reduce 31
	Double_diff  reduce 31
	And  reduce 31
	Or  reduce 31
	LBracket  reduce 31
	RBracket  reduce 31
	RAcc  reduce 31
	PVirgule  reduce 31
	Virgule  reduce 31


state 32
	expr : LAcc . obj_list RAcc  (32)

	Id  shift 75
	.  error

	obj_list  goto 41


state 33
	expr : expr . Lpar expr_list Rpar  (34)
	expr : Plus expr .  (37)
	expr : expr . Exp expr  (38)
	expr : expr . Times expr  (39)
	expr : expr . Div expr  (40)
	expr : expr . Plus expr  (41)
	expr : expr . Minus expr  (42)
	expr : expr . Comp_lt expr  (43)
	expr : expr . Comp_le expr  (44)
	expr : expr . Comp_gt expr  (45)
	expr : expr . Comp_ge expr  (46)
	expr : expr . Double_eq expr  (47)
	expr : expr . Diff expr  (48)
	expr : expr . Triple_eq expr  (49)
	expr : expr . Double_diff expr  (50)
	expr : expr . And expr  (51)
	expr : expr . Or expr  (52)
	left_mem : expr . LBracket expr RBracket  (72)
	left_mem : expr . Point Id  (73)

	Times  shift 56
	Lpar  shift 58
	Point  shift 59
	Exp  shift 60
	Div  shift 61
	Comp_lt  shift 62
	Comp_le  shift 63
	Comp_gt  shift 64
	Comp_ge  shift 65
	Double_eq  shift 66
	Triple_eq  shift 67
	Diff  shift 68
	Double_diff  shift 69
	LBracket  shift 72
	Plus  reduce 37
	Minus  reduce 37
	Rpar  reduce 37
	And  reduce 37
	Or  reduce 37
	RBracket  reduce 37
	RAcc  reduce 37
	PVirgule  reduce 37
	Virgule  reduce 37


state 34
	expr : expr . Lpar expr_list Rpar  (34)
	expr : Minus expr .  (36)
	expr : expr . Exp expr  (38)
	expr : expr . Times expr  (39)
	expr : expr . Div expr  (40)
	expr : expr . Plus expr  (41)
	expr : expr . Minus expr  (42)
	expr : expr . Comp_lt expr  (43)
	expr : expr . Comp_le expr  (44)
	expr : expr . Comp_gt expr  (45)
	expr : expr . Comp_ge expr  (46)
	expr : expr . Double_eq expr  (47)
	expr : expr . Diff expr  (48)
	expr : expr . Triple_eq expr  (49)
	expr : expr . Double_diff expr  (50)
	expr : expr . And expr  (51)
	expr : expr . Or expr  (52)
	left_mem : expr . LBracket expr RBracket  (72)
	left_mem : expr . Point Id  (73)

	Times  shift 56
	Lpar  shift 58
	Point  shift 59
	Exp  shift 60
	Div  shift 61
	Comp_lt  shift 62
	Comp_le  shift 63
	Comp_gt  shift 64
	Comp_ge  shift 65
	Double_eq  shift 66
	Triple_eq  shift 67
	Diff  shift 68
	Double_diff  shift 69
	LBracket  shift 72
	Plus  reduce 36
	Minus  reduce 36
	Rpar  reduce 36
	And  reduce 36
	Or  reduce 36
	RBracket  reduce 36
	RAcc  reduce 36
	PVirgule  reduce 36
	Virgule  reduce 36


state 35
	expr : Lpar expr . Rpar  (26)
	expr : expr . Lpar expr_list Rpar  (34)
	expr : expr . Exp expr  (38)
	expr : expr . Times expr  (39)
	expr : expr . Div expr  (40)
	expr : expr . Plus expr  (41)
	expr : expr . Minus expr  (42)
	expr : expr . Comp_lt expr  (43)
	expr : expr . Comp_le expr  (44)
	expr : expr . Comp_gt expr  (45)
	expr : expr . Comp_ge expr  (46)
	expr : expr . Double_eq expr  (47)
	expr : expr . Diff expr  (48)
	expr : expr . Triple_eq expr  (49)
	expr : expr . Double_diff expr  (50)
	expr : expr . And expr  (51)
	expr : expr . Or expr  (52)
	left_mem : expr . LBracket expr RBracket  (72)
	left_mem : expr . Point Id  (73)

	Plus  shift 55
	Times  shift 56
	Minus  shift 57
	Lpar  shift 58
	Rpar  shift 76
	Point  shift 59
	Exp  shift 60
	Div  shift 61
	Comp_lt  shift 62
	Comp_le  shift 63
	Comp_gt  shift 64
	Comp_ge  shift 65
	Double_eq  shift 66
	Triple_eq  shift 67
	Diff  shift 68
	Double_diff  shift 69
	And  shift 70
	Or  shift 71
	LBracket  shift 72
	.  error


state 36
	expr : expr . Lpar expr_list Rpar  (34)
	expr : Typeof expr .  (35)
	expr : expr . Exp expr  (38)
	expr : expr . Times expr  (39)
	expr : expr . Div expr  (40)
	expr : expr . Plus expr  (41)
	expr : expr . Minus expr  (42)
	expr : expr . Comp_lt expr  (43)
	expr : expr . Comp_le expr  (44)
	expr : expr . Comp_gt expr  (45)
	expr : expr . Comp_ge expr  (46)
	expr : expr . Double_eq expr  (47)
	expr : expr . Diff expr  (48)
	expr : expr . Triple_eq expr  (49)
	expr : expr . Double_diff expr  (50)
	expr : expr . And expr  (51)
	expr : expr . Or expr  (52)
	left_mem : expr . LBracket expr RBracket  (72)
	left_mem : expr . Point Id  (73)

	Times  shift 56
	Lpar  shift 58
	Point  shift 59
	Exp  shift 60
	Div  shift 61
	Comp_lt  shift 62
	Comp_le  shift 63
	Comp_gt  shift 64
	Comp_ge  shift 65
	Double_eq  shift 66
	Triple_eq  shift 67
	Diff  shift 68
	Double_diff  shift 69
	LBracket  shift 72
	Plus  reduce 35
	Minus  reduce 35
	Rpar  reduce 35
	And  reduce 35
	Or  reduce 35
	RBracket  reduce 35
	RAcc  reduce 35
	PVirgule  reduce 35
	Virgule  reduce 35


state 37
	expr : expr . Lpar expr_list Rpar  (34)
	expr : expr . Exp expr  (38)
	expr : expr . Times expr  (39)
	expr : expr . Div expr  (40)
	expr : expr . Plus expr  (41)
	expr : expr . Minus expr  (42)
	expr : expr . Comp_lt expr  (43)
	expr : expr . Comp_le expr  (44)
	expr : expr . Comp_gt expr  (45)
	expr : expr . Comp_ge expr  (46)
	expr : expr . Double_eq expr  (47)
	expr : expr . Diff expr  (48)
	expr : expr . Triple_eq expr  (49)
	expr : expr . Double_diff expr  (50)
	expr : expr . And expr  (51)
	expr : expr . Or expr  (52)
	tab_expr_list : expr .  (55)
	tab_expr_list : expr . Virgule tab_expr_list  (56)
	left_mem : expr . LBracket expr RBracket  (72)
	left_mem : expr . Point Id  (73)

	Plus  shift 55
	Times  shift 56
	Minus  shift 57
	Lpar  shift 58
	Point  shift 59
	Exp  shift 60
	Div  shift 61
	Comp_lt  shift 62
	Comp_le  shift 63
	Comp_gt  shift 64
	Comp_ge  shift 65
	Double_eq  shift 66
	Triple_eq  shift 67
	Diff  shift 68
	Double_diff  shift 69
	And  shift 70
	Or  shift 71
	LBracket  shift 72
	Virgule  shift 77
	RBracket  reduce 55


state 38
	expr : LBracket tab_expr_list . RBracket  (33)

	RBracket  shift 78
	.  error


state 39
	obj_list : Id . DPoints expr  (62)
	obj_list : Id . DPoints expr pt_v_or_virgule obj_list  (63)
	left_mem : Id .  (71)

	DPoints  shift 79
	Plus  reduce 71
	Times  reduce 71
	Minus  reduce 71
	Lpar  reduce 71
	Point  reduce 71
	Exp  reduce 71
	Div  reduce 71
	Comp_lt  reduce 71
	Comp_le  reduce 71
	Comp_gt  reduce 71
	Comp_ge  reduce 71
	Eq  reduce 71
	Double_eq  reduce 71
	Triple_eq  reduce 71
	Diff  reduce 71
	Double_diff  reduce 71
	And  reduce 71
	Or  reduce 71
	LBracket  reduce 71
	PVirgule  reduce 71


state 40
	instr_mached : LAcc decl_instr_list . RAcc  (18)

	RAcc  shift 80
	.  error


state 41
	expr : LAcc obj_list . RAcc  (32)

	RAcc  shift 81
	.  error


state 42
	binding : Id . to_ eo  (68)
	to_ : .  (64)

	DPoints  shift 82
	Rpar  reduce 64
	Eq  reduce 64
	PVirgule  reduce 64
	Virgule  reduce 64

	to_  goto 83


state 43
	instr_mached : Var_decl bindings . PVirgule  (19)

	PVirgule  shift 84
	.  error


state 44
	bindings : binding .  (69)
	bindings : binding . Virgule bindings  (70)

	Virgule  shift 85
	Rpar  reduce 69
	PVirgule  reduce 69


state 45
	instr_mached : If Lpar . expr Rpar instr_mached Else instr_mached  (20)
	instr_non_mached : If Lpar . expr Rpar instr  (24)
	instr_non_mached : If Lpar . expr Rpar instr_mached Else instr_non_mached  (25)

	Plus  shift 3
	Minus  shift 4
	Lpar  shift 5
	Typeof  shift 6
	LBracket  shift 7
	LAcc  shift 32
	Cst_int  shift 18
	Cst_float  shift 19
	Cst_bool  shift 20
	Cst_string  shift 21
	Id  shift 22
	.  error

	expr  goto 86
	left_mem  goto 31


state 46
	instr_mached : While Lpar . expr Rpar instr_mached  (21)

	Plus  shift 3
	Minus  shift 4
	Lpar  shift 5
	Typeof  shift 6
	LBracket  shift 7
	LAcc  shift 32
	Cst_int  shift 18
	Cst_float  shift 19
	Cst_bool  shift 20
	Cst_string  shift 21
	Id  shift 22
	.  error

	expr  goto 87
	left_mem  goto 31


state 47
	instr_mached : Return PVirgule .  (22)

	.  reduce 22


state 48
	instr_mached : Return expr . PVirgule  (23)
	expr : expr . Lpar expr_list Rpar  (34)
	expr : expr . Exp expr  (38)
	expr : expr . Times expr  (39)
	expr : expr . Div expr  (40)
	expr : expr . Plus expr  (41)
	expr : expr . Minus expr  (42)
	expr : expr . Comp_lt expr  (43)
	expr : expr . Comp_le expr  (44)
	expr : expr . Comp_gt expr  (45)
	expr : expr . Comp_ge expr  (46)
	expr : expr . Double_eq expr  (47)
	expr : expr . Diff expr  (48)
	expr : expr . Triple_eq expr  (49)
	expr : expr . Double_diff expr  (50)
	expr : expr . And expr  (51)
	expr : expr . Or expr  (52)
	left_mem : expr . LBracket expr RBracket  (72)
	left_mem : expr . Point Id  (73)

	Plus  shift 55
	Times  shift 56
	Minus  shift 57
	Lpar  shift 58
	Point  shift 59
	Exp  shift 60
	Div  shift 61
	Comp_lt  shift 62
	Comp_le  shift 63
	Comp_gt  shift 64
	Comp_ge  shift 65
	Double_eq  shift 66
	Triple_eq  shift 67
	Diff  shift 68
	Double_diff  shift 69
	And  shift 70
	Or  shift 71
	LBracket  shift 72
	PVirgule  shift 88
	.  error


state 49
	decl : Type Id . Eq type_expr PVirgule  (6)

	Eq  shift 89
	.  error


state 50
	decl : Let bindings . PVirgule  (7)

	PVirgule  shift 90
	.  error


state 51
	decl : Const bindings . PVirgule  (8)

	PVirgule  shift 91
	.  error


state 52
	decl : Function Id . Lpar possible_empty_bindings Rpar to_ LAcc decl_instr_list RAcc  (9)

	Lpar  shift 92
	.  error


state 53
	s : decl_instr_list EOF .  (1)

	.  reduce 1


state 54
	decl_instr_list : decl_instr decl_instr_list .  (5)

	.  reduce 5


state 55
	expr : expr Plus . expr  (41)

	Plus  shift 3
	Minus  shift 4
	Lpar  shift 5
	Typeof  shift 6
	LBracket  shift 7
	LAcc  shift 32
	Cst_int  shift 18
	Cst_float  shift 19
	Cst_bool  shift 20
	Cst_string  shift 21
	Id  shift 22
	.  error

	expr  goto 93
	left_mem  goto 31


state 56
	expr : expr Times . expr  (39)

	Plus  shift 3
	Minus  shift 4
	Lpar  shift 5
	Typeof  shift 6
	LBracket  shift 7
	LAcc  shift 32
	Cst_int  shift 18
	Cst_float  shift 19
	Cst_bool  shift 20
	Cst_string  shift 21
	Id  shift 22
	.  error

	expr  goto 94
	left_mem  goto 31


state 57
	expr : expr Minus . expr  (42)

	Plus  shift 3
	Minus  shift 4
	Lpar  shift 5
	Typeof  shift 6
	LBracket  shift 7
	LAcc  shift 32
	Cst_int  shift 18
	Cst_float  shift 19
	Cst_bool  shift 20
	Cst_string  shift 21
	Id  shift 22
	.  error

	expr  goto 95
	left_mem  goto 31


state 58
	expr : expr Lpar . expr_list Rpar  (34)
	expr_list : .  (57)

	Plus  shift 3
	Minus  shift 4
	Lpar  shift 5
	Typeof  shift 6
	LBracket  shift 7
	LAcc  shift 32
	Cst_int  shift 18
	Cst_float  shift 19
	Cst_bool  shift 20
	Cst_string  shift 21
	Id  shift 22
	Rpar  reduce 57

	expr  goto 96
	left_mem  goto 31
	expr_list  goto 97


state 59
	left_mem : expr Point . Id  (73)

	Id  shift 98
	.  error


state 60
	expr : expr Exp . expr  (38)

	Plus  shift 3
	Minus  shift 4
	Lpar  shift 5
	Typeof  shift 6
	LBracket  shift 7
	LAcc  shift 32
	Cst_int  shift 18
	Cst_float  shift 19
	Cst_bool  shift 20
	Cst_string  shift 21
	Id  shift 22
	.  error

	expr  goto 99
	left_mem  goto 31


state 61
	expr : expr Div . expr  (40)

	Plus  shift 3
	Minus  shift 4
	Lpar  shift 5
	Typeof  shift 6
	LBracket  shift 7
	LAcc  shift 32
	Cst_int  shift 18
	Cst_float  shift 19
	Cst_bool  shift 20
	Cst_string  shift 21
	Id  shift 22
	.  error

	expr  goto 100
	left_mem  goto 31


state 62
	expr : expr Comp_lt . expr  (43)

	Plus  shift 3
	Minus  shift 4
	Lpar  shift 5
	Typeof  shift 6
	LBracket  shift 7
	LAcc  shift 32
	Cst_int  shift 18
	Cst_float  shift 19
	Cst_bool  shift 20
	Cst_string  shift 21
	Id  shift 22
	.  error

	expr  goto 101
	left_mem  goto 31


state 63
	expr : expr Comp_le . expr  (44)

	Plus  shift 3
	Minus  shift 4
	Lpar  shift 5
	Typeof  shift 6
	LBracket  shift 7
	LAcc  shift 32
	Cst_int  shift 18
	Cst_float  shift 19
	Cst_bool  shift 20
	Cst_string  shift 21
	Id  shift 22
	.  error

	expr  goto 102
	left_mem  goto 31


state 64
	expr : expr Comp_gt . expr  (45)

	Plus  shift 3
	Minus  shift 4
	Lpar  shift 5
	Typeof  shift 6
	LBracket  shift 7
	LAcc  shift 32
	Cst_int  shift 18
	Cst_float  shift 19
	Cst_bool  shift 20
	Cst_string  shift 21
	Id  shift 22
	.  error

	expr  goto 103
	left_mem  goto 31


state 65
	expr : expr Comp_ge . expr  (46)

	Plus  shift 3
	Minus  shift 4
	Lpar  shift 5
	Typeof  shift 6
	LBracket  shift 7
	LAcc  shift 32
	Cst_int  shift 18
	Cst_float  shift 19
	Cst_bool  shift 20
	Cst_string  shift 21
	Id  shift 22
	.  error

	expr  goto 104
	left_mem  goto 31


state 66
	expr : expr Double_eq . expr  (47)

	Plus  shift 3
	Minus  shift 4
	Lpar  shift 5
	Typeof  shift 6
	LBracket  shift 7
	LAcc  shift 32
	Cst_int  shift 18
	Cst_float  shift 19
	Cst_bool  shift 20
	Cst_string  shift 21
	Id  shift 22
	.  error

	expr  goto 105
	left_mem  goto 31


state 67
	expr : expr Triple_eq . expr  (49)

	Plus  shift 3
	Minus  shift 4
	Lpar  shift 5
	Typeof  shift 6
	LBracket  shift 7
	LAcc  shift 32
	Cst_int  shift 18
	Cst_float  shift 19
	Cst_bool  shift 20
	Cst_string  shift 21
	Id  shift 22
	.  error

	expr  goto 106
	left_mem  goto 31


state 68
	expr : expr Diff . expr  (48)

	Plus  shift 3
	Minus  shift 4
	Lpar  shift 5
	Typeof  shift 6
	LBracket  shift 7
	LAcc  shift 32
	Cst_int  shift 18
	Cst_float  shift 19
	Cst_bool  shift 20
	Cst_string  shift 21
	Id  shift 22
	.  error

	expr  goto 107
	left_mem  goto 31


state 69
	expr : expr Double_diff . expr  (50)

	Plus  shift 3
	Minus  shift 4
	Lpar  shift 5
	Typeof  shift 6
	LBracket  shift 7
	LAcc  shift 32
	Cst_int  shift 18
	Cst_float  shift 19
	Cst_bool  shift 20
	Cst_string  shift 21
	Id  shift 22
	.  error

	expr  goto 108
	left_mem  goto 31


state 70
	expr : expr And . expr  (51)

	Plus  shift 3
	Minus  shift 4
	Lpar  shift 5
	Typeof  shift 6
	LBracket  shift 7
	LAcc  shift 32
	Cst_int  shift 18
	Cst_float  shift 19
	Cst_bool  shift 20
	Cst_string  shift 21
	Id  shift 22
	.  error

	expr  goto 109
	left_mem  goto 31


state 71
	expr : expr Or . expr  (52)

	Plus  shift 3
	Minus  shift 4
	Lpar  shift 5
	Typeof  shift 6
	LBracket  shift 7
	LAcc  shift 32
	Cst_int  shift 18
	Cst_float  shift 19
	Cst_bool  shift 20
	Cst_string  shift 21
	Id  shift 22
	.  error

	expr  goto 110
	left_mem  goto 31


state 72
	left_mem : expr LBracket . expr RBracket  (72)

	Plus  shift 3
	Minus  shift 4
	Lpar  shift 5
	Typeof  shift 6
	LBracket  shift 7
	LAcc  shift 32
	Cst_int  shift 18
	Cst_float  shift 19
	Cst_bool  shift 20
	Cst_string  shift 21
	Id  shift 22
	.  error

	expr  goto 111
	left_mem  goto 31


state 73
	instr_mached : expr PVirgule .  (17)

	.  reduce 17


state 74
	expr : left_mem Eq . expr  (53)

	Plus  shift 3
	Minus  shift 4
	Lpar  shift 5
	Typeof  shift 6
	LBracket  shift 7
	LAcc  shift 32
	Cst_int  shift 18
	Cst_float  shift 19
	Cst_bool  shift 20
	Cst_string  shift 21
	Id  shift 22
	.  error

	expr  goto 112
	left_mem  goto 31


state 75
	obj_list : Id . DPoints expr  (62)
	obj_list : Id . DPoints expr pt_v_or_virgule obj_list  (63)

	DPoints  shift 79
	.  error


state 76
	expr : Lpar expr Rpar .  (26)

	.  reduce 26


state 77
	tab_expr_list : expr Virgule . tab_expr_list  (56)
	tab_expr_list : .  (54)

	Plus  shift 3
	Minus  shift 4
	Lpar  shift 5
	Typeof  shift 6
	LBracket  shift 7
	LAcc  shift 32
	Cst_int  shift 18
	Cst_float  shift 19
	Cst_bool  shift 20
	Cst_string  shift 21
	Id  shift 22
	RBracket  reduce 54

	expr  goto 37
	left_mem  goto 31
	tab_expr_list  goto 113


state 78
	expr : LBracket tab_expr_list RBracket .  (33)

	.  reduce 33


state 79
	obj_list : Id DPoints . expr  (62)
	obj_list : Id DPoints . expr pt_v_or_virgule obj_list  (63)

	Plus  shift 3
	Minus  shift 4
	Lpar  shift 5
	Typeof  shift 6
	LBracket  shift 7
	LAcc  shift 32
	Cst_int  shift 18
	Cst_float  shift 19
	Cst_bool  shift 20
	Cst_string  shift 21
	Id  shift 22
	.  error

	expr  goto 114
	left_mem  goto 31


state 80
	instr_mached : LAcc decl_instr_list RAcc .  (18)

	.  reduce 18


state 81
	expr : LAcc obj_list RAcc .  (32)

	.  reduce 32


state 82
	to_ : DPoints . type_expr  (65)

	Any  shift 115
	Type_num  shift 116
	Type_bool  shift 117
	Type_string  shift 118
	LAcc  shift 119
	Cst_int  shift 120
	Cst_float  shift 121
	Cst_bool  shift 122
	Cst_string  shift 123
	Id  shift 124
	.  error

	type_expr  goto 125


83: reduce/reduce conflict (reduce 15, reduce 66) on Rpar
83: reduce/reduce conflict (reduce 15, reduce 66) on PVirgule
83: reduce/reduce conflict (reduce 15, reduce 66) on Virgule
state 83
	binding : Id to_ . eo  (68)
	eo : .  (15)
	eo : .  (66)

	Eq  shift 126
	Rpar  reduce 15
	PVirgule  reduce 15
	Virgule  reduce 15

	eo  goto 127


state 84
	instr_mached : Var_decl bindings PVirgule .  (19)

	.  reduce 19


state 85
	bindings : binding Virgule . bindings  (70)

	Id  shift 42
	.  error

	bindings  goto 128
	binding  goto 44


state 86
	instr_mached : If Lpar expr . Rpar instr_mached Else instr_mached  (20)
	instr_non_mached : If Lpar expr . Rpar instr  (24)
	instr_non_mached : If Lpar expr . Rpar instr_mached Else instr_non_mached  (25)
	expr : expr . Lpar expr_list Rpar  (34)
	expr : expr . Exp expr  (38)
	expr : expr . Times expr  (39)
	expr : expr . Div expr  (40)
	expr : expr . Plus expr  (41)
	expr : expr . Minus expr  (42)
	expr : expr . Comp_lt expr  (43)
	expr : expr . Comp_le expr  (44)
	expr : expr . Comp_gt expr  (45)
	expr : expr . Comp_ge expr  (46)
	expr : expr . Double_eq expr  (47)
	expr : expr . Diff expr  (48)
	expr : expr . Triple_eq expr  (49)
	expr : expr . Double_diff expr  (50)
	expr : expr . And expr  (51)
	expr : expr . Or expr  (52)
	left_mem : expr . LBracket expr RBracket  (72)
	left_mem : expr . Point Id  (73)

	Plus  shift 55
	Times  shift 56
	Minus  shift 57
	Lpar  shift 58
	Rpar  shift 129
	Point  shift 59
	Exp  shift 60
	Div  shift 61
	Comp_lt  shift 62
	Comp_le  shift 63
	Comp_gt  shift 64
	Comp_ge  shift 65
	Double_eq  shift 66
	Triple_eq  shift 67
	Diff  shift 68
	Double_diff  shift 69
	And  shift 70
	Or  shift 71
	LBracket  shift 72
	.  error


state 87
	instr_mached : While Lpar expr . Rpar instr_mached  (21)
	expr : expr . Lpar expr_list Rpar  (34)
	expr : expr . Exp expr  (38)
	expr : expr . Times expr  (39)
	expr : expr . Div expr  (40)
	expr : expr . Plus expr  (41)
	expr : expr . Minus expr  (42)
	expr : expr . Comp_lt expr  (43)
	expr : expr . Comp_le expr  (44)
	expr : expr . Comp_gt expr  (45)
	expr : expr . Comp_ge expr  (46)
	expr : expr . Double_eq expr  (47)
	expr : expr . Diff expr  (48)
	expr : expr . Triple_eq expr  (49)
	expr : expr . Double_diff expr  (50)
	expr : expr . And expr  (51)
	expr : expr . Or expr  (52)
	left_mem : expr . LBracket expr RBracket  (72)
	left_mem : expr . Point Id  (73)

	Plus  shift 55
	Times  shift 56
	Minus  shift 57
	Lpar  shift 58
	Rpar  shift 130
	Point  shift 59
	Exp  shift 60
	Div  shift 61
	Comp_lt  shift 62
	Comp_le  shift 63
	Comp_gt  shift 64
	Comp_ge  shift 65
	Double_eq  shift 66
	Triple_eq  shift 67
	Diff  shift 68
	Double_diff  shift 69
	And  shift 70
	Or  shift 71
	LBracket  shift 72
	.  error


state 88
	instr_mached : Return expr PVirgule .  (23)

	.  reduce 23


state 89
	decl : Type Id Eq . type_expr PVirgule  (6)

	Any  shift 115
	Type_num  shift 116
	Type_bool  shift 117
	Type_string  shift 118
	LAcc  shift 119
	Cst_int  shift 120
	Cst_float  shift 121
	Cst_bool  shift 122
	Cst_string  shift 123
	Id  shift 124
	.  error

	type_expr  goto 131


state 90
	decl : Let bindings PVirgule .  (7)

	.  reduce 7


state 91
	decl : Const bindings PVirgule .  (8)

	.  reduce 8


state 92
	decl : Function Id Lpar . possible_empty_bindings Rpar to_ LAcc decl_instr_list RAcc  (9)
	possible_empty_bindings : .  (10)

	Id  shift 42
	Rpar  reduce 10

	bindings  goto 132
	possible_empty_bindings  goto 133
	binding  goto 44


state 93
	expr : expr . Lpar expr_list Rpar  (34)
	expr : expr . Exp expr  (38)
	expr : expr . Times expr  (39)
	expr : expr . Div expr  (40)
	expr : expr . Plus expr  (41)
	expr : expr Plus expr .  (41)
	expr : expr . Minus expr  (42)
	expr : expr . Comp_lt expr  (43)
	expr : expr . Comp_le expr  (44)
	expr : expr . Comp_gt expr  (45)
	expr : expr . Comp_ge expr  (46)
	expr : expr . Double_eq expr  (47)
	expr : expr . Diff expr  (48)
	expr : expr . Triple_eq expr  (49)
	expr : expr . Double_diff expr  (50)
	expr : expr . And expr  (51)
	expr : expr . Or expr  (52)
	left_mem : expr . LBracket expr RBracket  (72)
	left_mem : expr . Point Id  (73)

	Times  shift 56
	Lpar  shift 58
	Point  shift 59
	Exp  shift 60
	Div  shift 61
	Comp_lt  shift 62
	Comp_le  shift 63
	Comp_gt  shift 64
	Comp_ge  shift 65
	Double_eq  shift 66
	Triple_eq  shift 67
	Diff  shift 68
	Double_diff  shift 69
	LBracket  shift 72
	Plus  reduce 41
	Minus  reduce 41
	Rpar  reduce 41
	And  reduce 41
	Or  reduce 41
	RBracket  reduce 41
	RAcc  reduce 41
	PVirgule  reduce 41
	Virgule  reduce 41


state 94
	expr : expr . Lpar expr_list Rpar  (34)
	expr : expr . Exp expr  (38)
	expr : expr . Times expr  (39)
	expr : expr Times expr .  (39)
	expr : expr . Div expr  (40)
	expr : expr . Plus expr  (41)
	expr : expr . Minus expr  (42)
	expr : expr . Comp_lt expr  (43)
	expr : expr . Comp_le expr  (44)
	expr : expr . Comp_gt expr  (45)
	expr : expr . Comp_ge expr  (46)
	expr : expr . Double_eq expr  (47)
	expr : expr . Diff expr  (48)
	expr : expr . Triple_eq expr  (49)
	expr : expr . Double_diff expr  (50)
	expr : expr . And expr  (51)
	expr : expr . Or expr  (52)
	left_mem : expr . LBracket expr RBracket  (72)
	left_mem : expr . Point Id  (73)

	Lpar  shift 58
	Point  shift 59
	Exp  shift 60
	Comp_lt  shift 62
	Comp_le  shift 63
	Comp_gt  shift 64
	Comp_ge  shift 65
	Double_eq  shift 66
	Triple_eq  shift 67
	Diff  shift 68
	Double_diff  shift 69
	LBracket  shift 72
	Plus  reduce 39
	Times  reduce 39
	Minus  reduce 39
	Rpar  reduce 39
	Div  reduce 39
	And  reduce 39
	Or  reduce 39
	RBracket  reduce 39
	RAcc  reduce 39
	PVirgule  reduce 39
	Virgule  reduce 39


state 95
	expr : expr . Lpar expr_list Rpar  (34)
	expr : expr . Exp expr  (38)
	expr : expr . Times expr  (39)
	expr : expr . Div expr  (40)
	expr : expr . Plus expr  (41)
	expr : expr . Minus expr  (42)
	expr : expr Minus expr .  (42)
	expr : expr . Comp_lt expr  (43)
	expr : expr . Comp_le expr  (44)
	expr : expr . Comp_gt expr  (45)
	expr : expr . Comp_ge expr  (46)
	expr : expr . Double_eq expr  (47)
	expr : expr . Diff expr  (48)
	expr : expr . Triple_eq expr  (49)
	expr : expr . Double_diff expr  (50)
	expr : expr . And expr  (51)
	expr : expr . Or expr  (52)
	left_mem : expr . LBracket expr RBracket  (72)
	left_mem : expr . Point Id  (73)

	Times  shift 56
	Lpar  shift 58
	Point  shift 59
	Exp  shift 60
	Div  shift 61
	Comp_lt  shift 62
	Comp_le  shift 63
	Comp_gt  shift 64
	Comp_ge  shift 65
	Double_eq  shift 66
	Triple_eq  shift 67
	Diff  shift 68
	Double_diff  shift 69
	LBracket  shift 72
	Plus  reduce 42
	Minus  reduce 42
	Rpar  reduce 42
	And  reduce 42
	Or  reduce 42
	RBracket  reduce 42
	RAcc  reduce 42
	PVirgule  reduce 42
	Virgule  reduce 42


state 96
	expr : expr . Lpar expr_list Rpar  (34)
	expr : expr . Exp expr  (38)
	expr : expr . Times expr  (39)
	expr : expr . Div expr  (40)
	expr : expr . Plus expr  (41)
	expr : expr . Minus expr  (42)
	expr : expr . Comp_lt expr  (43)
	expr : expr . Comp_le expr  (44)
	expr : expr . Comp_gt expr  (45)
	expr : expr . Comp_ge expr  (46)
	expr : expr . Double_eq expr  (47)
	expr : expr . Diff expr  (48)
	expr : expr . Triple_eq expr  (49)
	expr : expr . Double_diff expr  (50)
	expr : expr . And expr  (51)
	expr : expr . Or expr  (52)
	expr_list : expr .  (58)
	expr_list : expr . Virgule expr_list  (59)
	left_mem : expr . LBracket expr RBracket  (72)
	left_mem : expr . Point Id  (73)

	Plus  shift 55
	Times  shift 56
	Minus  shift 57
	Lpar  shift 58
	Point  shift 59
	Exp  shift 60
	Div  shift 61
	Comp_lt  shift 62
	Comp_le  shift 63
	Comp_gt  shift 64
	Comp_ge  shift 65
	Double_eq  shift 66
	Triple_eq  shift 67
	Diff  shift 68
	Double_diff  shift 69
	And  shift 70
	Or  shift 71
	LBracket  shift 72
	Virgule  shift 134
	Rpar  reduce 58


state 97
	expr : expr Lpar expr_list . Rpar  (34)

	Rpar  shift 135
	.  error


state 98
	left_mem : expr Point Id .  (73)

	.  reduce 73


state 99
	expr : expr . Lpar expr_list Rpar  (34)
	expr : expr . Exp expr  (38)
	expr : expr Exp expr .  (38)
	expr : expr . Times expr  (39)
	expr : expr . Div expr  (40)
	expr : expr . Plus expr  (41)
	expr : expr . Minus expr  (42)
	expr : expr . Comp_lt expr  (43)
	expr : expr . Comp_le expr  (44)
	expr : expr . Comp_gt expr  (45)
	expr : expr . Comp_ge expr  (46)
	expr : expr . Double_eq expr  (47)
	expr : expr . Diff expr  (48)
	expr : expr . Triple_eq expr  (49)
	expr : expr . Double_diff expr  (50)
	expr : expr . And expr  (51)
	expr : expr . Or expr  (52)
	left_mem : expr . LBracket expr RBracket  (72)
	left_mem : expr . Point Id  (73)

	Lpar  shift 58
	Point  shift 59
	Exp  shift 60
	Comp_lt  shift 62
	Comp_le  shift 63
	Comp_gt  shift 64
	Comp_ge  shift 65
	Double_eq  shift 66
	Triple_eq  shift 67
	Diff  shift 68
	Double_diff  shift 69
	LBracket  shift 72
	Plus  reduce 38
	Times  reduce 38
	Minus  reduce 38
	Rpar  reduce 38
	Div  reduce 38
	And  reduce 38
	Or  reduce 38
	RBracket  reduce 38
	RAcc  reduce 38
	PVirgule  reduce 38
	Virgule  reduce 38


state 100
	expr : expr . Lpar expr_list Rpar  (34)
	expr : expr . Exp expr  (38)
	expr : expr . Times expr  (39)
	expr : expr . Div expr  (40)
	expr : expr Div expr .  (40)
	expr : expr . Plus expr  (41)
	expr : expr . Minus expr  (42)
	expr : expr . Comp_lt expr  (43)
	expr : expr . Comp_le expr  (44)
	expr : expr . Comp_gt expr  (45)
	expr : expr . Comp_ge expr  (46)
	expr : expr . Double_eq expr  (47)
	expr : expr . Diff expr  (48)
	expr : expr . Triple_eq expr  (49)
	expr : expr . Double_diff expr  (50)
	expr : expr . And expr  (51)
	expr : expr . Or expr  (52)
	left_mem : expr . LBracket expr RBracket  (72)
	left_mem : expr . Point Id  (73)

	Lpar  shift 58
	Point  shift 59
	Exp  shift 60
	Comp_lt  shift 62
	Comp_le  shift 63
	Comp_gt  shift 64
	Comp_ge  shift 65
	Double_eq  shift 66
	Triple_eq  shift 67
	Diff  shift 68
	Double_diff  shift 69
	LBracket  shift 72
	Plus  reduce 40
	Times  reduce 40
	Minus  reduce 40
	Rpar  reduce 40
	Div  reduce 40
	And  reduce 40
	Or  reduce 40
	RBracket  reduce 40
	RAcc  reduce 40
	PVirgule  reduce 40
	Virgule  reduce 40


state 101
	expr : expr . Lpar expr_list Rpar  (34)
	expr : expr . Exp expr  (38)
	expr : expr . Times expr  (39)
	expr : expr . Div expr  (40)
	expr : expr . Plus expr  (41)
	expr : expr . Minus expr  (42)
	expr : expr . Comp_lt expr  (43)
	expr : expr Comp_lt expr .  (43)
	expr : expr . Comp_le expr  (44)
	expr : expr . Comp_gt expr  (45)
	expr : expr . Comp_ge expr  (46)
	expr : expr . Double_eq expr  (47)
	expr : expr . Diff expr  (48)
	expr : expr . Triple_eq expr  (49)
	expr : expr . Double_diff expr  (50)
	expr : expr . And expr  (51)
	expr : expr . Or expr  (52)
	left_mem : expr . LBracket expr RBracket  (72)
	left_mem : expr . Point Id  (73)

	.  reduce 43


state 102
	expr : expr . Lpar expr_list Rpar  (34)
	expr : expr . Exp expr  (38)
	expr : expr . Times expr  (39)
	expr : expr . Div expr  (40)
	expr : expr . Plus expr  (41)
	expr : expr . Minus expr  (42)
	expr : expr . Comp_lt expr  (43)
	expr : expr . Comp_le expr  (44)
	expr : expr Comp_le expr .  (44)
	expr : expr . Comp_gt expr  (45)
	expr : expr . Comp_ge expr  (46)
	expr : expr . Double_eq expr  (47)
	expr : expr . Diff expr  (48)
	expr : expr . Triple_eq expr  (49)
	expr : expr . Double_diff expr  (50)
	expr : expr . And expr  (51)
	expr : expr . Or expr  (52)
	left_mem : expr . LBracket expr RBracket  (72)
	left_mem : expr . Point Id  (73)

	.  reduce 44


state 103
	expr : expr . Lpar expr_list Rpar  (34)
	expr : expr . Exp expr  (38)
	expr : expr . Times expr  (39)
	expr : expr . Div expr  (40)
	expr : expr . Plus expr  (41)
	expr : expr . Minus expr  (42)
	expr : expr . Comp_lt expr  (43)
	expr : expr . Comp_le expr  (44)
	expr : expr . Comp_gt expr  (45)
	expr : expr Comp_gt expr .  (45)
	expr : expr . Comp_ge expr  (46)
	expr : expr . Double_eq expr  (47)
	expr : expr . Diff expr  (48)
	expr : expr . Triple_eq expr  (49)
	expr : expr . Double_diff expr  (50)
	expr : expr . And expr  (51)
	expr : expr . Or expr  (52)
	left_mem : expr . LBracket expr RBracket  (72)
	left_mem : expr . Point Id  (73)

	.  reduce 45


state 104
	expr : expr . Lpar expr_list Rpar  (34)
	expr : expr . Exp expr  (38)
	expr : expr . Times expr  (39)
	expr : expr . Div expr  (40)
	expr : expr . Plus expr  (41)
	expr : expr . Minus expr  (42)
	expr : expr . Comp_lt expr  (43)
	expr : expr . Comp_le expr  (44)
	expr : expr . Comp_gt expr  (45)
	expr : expr . Comp_ge expr  (46)
	expr : expr Comp_ge expr .  (46)
	expr : expr . Double_eq expr  (47)
	expr : expr . Diff expr  (48)
	expr : expr . Triple_eq expr  (49)
	expr : expr . Double_diff expr  (50)
	expr : expr . And expr  (51)
	expr : expr . Or expr  (52)
	left_mem : expr . LBracket expr RBracket  (72)
	left_mem : expr . Point Id  (73)

	.  reduce 46


state 105
	expr : expr . Lpar expr_list Rpar  (34)
	expr : expr . Exp expr  (38)
	expr : expr . Times expr  (39)
	expr : expr . Div expr  (40)
	expr : expr . Plus expr  (41)
	expr : expr . Minus expr  (42)
	expr : expr . Comp_lt expr  (43)
	expr : expr . Comp_le expr  (44)
	expr : expr . Comp_gt expr  (45)
	expr : expr . Comp_ge expr  (46)
	expr : expr . Double_eq expr  (47)
	expr : expr Double_eq expr .  (47)
	expr : expr . Diff expr  (48)
	expr : expr . Triple_eq expr  (49)
	expr : expr . Double_diff expr  (50)
	expr : expr . And expr  (51)
	expr : expr . Or expr  (52)
	left_mem : expr . LBracket expr RBracket  (72)
	left_mem : expr . Point Id  (73)

	.  reduce 47


state 106
	expr : expr . Lpar expr_list Rpar  (34)
	expr : expr . Exp expr  (38)
	expr : expr . Times expr  (39)
	expr : expr . Div expr  (40)
	expr : expr . Plus expr  (41)
	expr : expr . Minus expr  (42)
	expr : expr . Comp_lt expr  (43)
	expr : expr . Comp_le expr  (44)
	expr : expr . Comp_gt expr  (45)
	expr : expr . Comp_ge expr  (46)
	expr : expr . Double_eq expr  (47)
	expr : expr . Diff expr  (48)
	expr : expr . Triple_eq expr  (49)
	expr : expr Triple_eq expr .  (49)
	expr : expr . Double_diff expr  (50)
	expr : expr . And expr  (51)
	expr : expr . Or expr  (52)
	left_mem : expr . LBracket expr RBracket  (72)
	left_mem : expr . Point Id  (73)

	.  reduce 49


state 107
	expr : expr . Lpar expr_list Rpar  (34)
	expr : expr . Exp expr  (38)
	expr : expr . Times expr  (39)
	expr : expr . Div expr  (40)
	expr : expr . Plus expr  (41)
	expr : expr . Minus expr  (42)
	expr : expr . Comp_lt expr  (43)
	expr : expr . Comp_le expr  (44)
	expr : expr . Comp_gt expr  (45)
	expr : expr . Comp_ge expr  (46)
	expr : expr . Double_eq expr  (47)
	expr : expr . Diff expr  (48)
	expr : expr Diff expr .  (48)
	expr : expr . Triple_eq expr  (49)
	expr : expr . Double_diff expr  (50)
	expr : expr . And expr  (51)
	expr : expr . Or expr  (52)
	left_mem : expr . LBracket expr RBracket  (72)
	left_mem : expr . Point Id  (73)

	.  reduce 48


state 108
	expr : expr . Lpar expr_list Rpar  (34)
	expr : expr . Exp expr  (38)
	expr : expr . Times expr  (39)
	expr : expr . Div expr  (40)
	expr : expr . Plus expr  (41)
	expr : expr . Minus expr  (42)
	expr : expr . Comp_lt expr  (43)
	expr : expr . Comp_le expr  (44)
	expr : expr . Comp_gt expr  (45)
	expr : expr . Comp_ge expr  (46)
	expr : expr . Double_eq expr  (47)
	expr : expr . Diff expr  (48)
	expr : expr . Triple_eq expr  (49)
	expr : expr . Double_diff expr  (50)
	expr : expr Double_diff expr .  (50)
	expr : expr . And expr  (51)
	expr : expr . Or expr  (52)
	left_mem : expr . LBracket expr RBracket  (72)
	left_mem : expr . Point Id  (73)

	.  reduce 50


state 109
	expr : expr . Lpar expr_list Rpar  (34)
	expr : expr . Exp expr  (38)
	expr : expr . Times expr  (39)
	expr : expr . Div expr  (40)
	expr : expr . Plus expr  (41)
	expr : expr . Minus expr  (42)
	expr : expr . Comp_lt expr  (43)
	expr : expr . Comp_le expr  (44)
	expr : expr . Comp_gt expr  (45)
	expr : expr . Comp_ge expr  (46)
	expr : expr . Double_eq expr  (47)
	expr : expr . Diff expr  (48)
	expr : expr . Triple_eq expr  (49)
	expr : expr . Double_diff expr  (50)
	expr : expr . And expr  (51)
	expr : expr And expr .  (51)
	expr : expr . Or expr  (52)
	left_mem : expr . LBracket expr RBracket  (72)
	left_mem : expr . Point Id  (73)

	Plus  shift 55
	Times  shift 56
	Minus  shift 57
	Lpar  shift 58
	Point  shift 59
	Exp  shift 60
	Div  shift 61
	Comp_lt  shift 62
	Comp_le  shift 63
	Comp_gt  shift 64
	Comp_ge  shift 65
	Double_eq  shift 66
	Triple_eq  shift 67
	Diff  shift 68
	Double_diff  shift 69
	LBracket  shift 72
	Rpar  reduce 51
	And  reduce 51
	Or  reduce 51
	RBracket  reduce 51
	RAcc  reduce 51
	PVirgule  reduce 51
	Virgule  reduce 51


state 110
	expr : expr . Lpar expr_list Rpar  (34)
	expr : expr . Exp expr  (38)
	expr : expr . Times expr  (39)
	expr : expr . Div expr  (40)
	expr : expr . Plus expr  (41)
	expr : expr . Minus expr  (42)
	expr : expr . Comp_lt expr  (43)
	expr : expr . Comp_le expr  (44)
	expr : expr . Comp_gt expr  (45)
	expr : expr . Comp_ge expr  (46)
	expr : expr . Double_eq expr  (47)
	expr : expr . Diff expr  (48)
	expr : expr . Triple_eq expr  (49)
	expr : expr . Double_diff expr  (50)
	expr : expr . And expr  (51)
	expr : expr . Or expr  (52)
	expr : expr Or expr .  (52)
	left_mem : expr . LBracket expr RBracket  (72)
	left_mem : expr . Point Id  (73)

	Plus  shift 55
	Times  shift 56
	Minus  shift 57
	Lpar  shift 58
	Point  shift 59
	Exp  shift 60
	Div  shift 61
	Comp_lt  shift 62
	Comp_le  shift 63
	Comp_gt  shift 64
	Comp_ge  shift 65
	Double_eq  shift 66
	Triple_eq  shift 67
	Diff  shift 68
	Double_diff  shift 69
	And  shift 70
	LBracket  shift 72
	Rpar  reduce 52
	Or  reduce 52
	RBracket  reduce 52
	RAcc  reduce 52
	PVirgule  reduce 52
	Virgule  reduce 52


state 111
	expr : expr . Lpar expr_list Rpar  (34)
	expr : expr . Exp expr  (38)
	expr : expr . Times expr  (39)
	expr : expr . Div expr  (40)
	expr : expr . Plus expr  (41)
	expr : expr . Minus expr  (42)
	expr : expr . Comp_lt expr  (43)
	expr : expr . Comp_le expr  (44)
	expr : expr . Comp_gt expr  (45)
	expr : expr . Comp_ge expr  (46)
	expr : expr . Double_eq expr  (47)
	expr : expr . Diff expr  (48)
	expr : expr . Triple_eq expr  (49)
	expr : expr . Double_diff expr  (50)
	expr : expr . And expr  (51)
	expr : expr . Or expr  (52)
	left_mem : expr . LBracket expr RBracket  (72)
	left_mem : expr LBracket expr . RBracket  (72)
	left_mem : expr . Point Id  (73)

	Plus  shift 55
	Times  shift 56
	Minus  shift 57
	Lpar  shift 58
	Point  shift 59
	Exp  shift 60
	Div  shift 61
	Comp_lt  shift 62
	Comp_le  shift 63
	Comp_gt  shift 64
	Comp_ge  shift 65
	Double_eq  shift 66
	Triple_eq  shift 67
	Diff  shift 68
	Double_diff  shift 69
	And  shift 70
	Or  shift 71
	LBracket  shift 72
	RBracket  shift 136
	.  error


state 112
	expr : expr . Lpar expr_list Rpar  (34)
	expr : expr . Exp expr  (38)
	expr : expr . Times expr  (39)
	expr : expr . Div expr  (40)
	expr : expr . Plus expr  (41)
	expr : expr . Minus expr  (42)
	expr : expr . Comp_lt expr  (43)
	expr : expr . Comp_le expr  (44)
	expr : expr . Comp_gt expr  (45)
	expr : expr . Comp_ge expr  (46)
	expr : expr . Double_eq expr  (47)
	expr : expr . Diff expr  (48)
	expr : expr . Triple_eq expr  (49)
	expr : expr . Double_diff expr  (50)
	expr : expr . And expr  (51)
	expr : expr . Or expr  (52)
	expr : left_mem Eq expr .  (53)
	left_mem : expr . LBracket expr RBracket  (72)
	left_mem : expr . Point Id  (73)

	.  reduce 53


state 113
	tab_expr_list : expr Virgule tab_expr_list .  (56)

	.  reduce 56


state 114
	expr : expr . Lpar expr_list Rpar  (34)
	expr : expr . Exp expr  (38)
	expr : expr . Times expr  (39)
	expr : expr . Div expr  (40)
	expr : expr . Plus expr  (41)
	expr : expr . Minus expr  (42)
	expr : expr . Comp_lt expr  (43)
	expr : expr . Comp_le expr  (44)
	expr : expr . Comp_gt expr  (45)
	expr : expr . Comp_ge expr  (46)
	expr : expr . Double_eq expr  (47)
	expr : expr . Diff expr  (48)
	expr : expr . Triple_eq expr  (49)
	expr : expr . Double_diff expr  (50)
	expr : expr . And expr  (51)
	expr : expr . Or expr  (52)
	obj_list : Id DPoints expr .  (62)
	obj_list : Id DPoints expr . pt_v_or_virgule obj_list  (63)
	left_mem : expr . LBracket expr RBracket  (72)
	left_mem : expr . Point Id  (73)

	Plus  shift 55
	Times  shift 56
	Minus  shift 57
	Lpar  shift 58
	Point  shift 59
	Exp  shift 60
	Div  shift 61
	Comp_lt  shift 62
	Comp_le  shift 63
	Comp_gt  shift 64
	Comp_ge  shift 65
	Double_eq  shift 66
	Triple_eq  shift 67
	Diff  shift 68
	Double_diff  shift 69
	And  shift 70
	Or  shift 71
	LBracket  shift 72
	PVirgule  shift 137
	Virgule  shift 138
	RAcc  reduce 62

	pt_v_or_virgule  goto 139


state 115
	type_expr : Any .  (83)

	.  reduce 83


state 116
	type_expr : Type_num .  (79)

	.  reduce 79


state 117
	type_expr : Type_bool .  (80)

	.  reduce 80


state 118
	type_expr : Type_string .  (81)

	.  reduce 81


state 119
	type_expr : LAcc . type_obj RAcc  (84)
	type_obj : .  (86)

	Id  shift 140
	RAcc  reduce 86

	type_obj  goto 141
	id_or_type  goto 142


state 120
	type_expr : Cst_int .  (78)

	.  reduce 78


state 121
	type_expr : Cst_float .  (77)

	.  reduce 77


state 122
	type_expr : Cst_bool .  (76)

	.  reduce 76


state 123
	type_expr : Cst_string .  (75)

	.  reduce 75


state 124
	type_expr : Id .  (74)

	.  reduce 74


state 125
	to_ : DPoints type_expr .  (65)
	type_expr : type_expr . LBracket RBracket  (82)
	type_expr : type_expr . Barre union_type  (85)

	Barre  shift 143
	LBracket  shift 144
	Rpar  reduce 65
	Eq  reduce 65
	LAcc  reduce 65
	PVirgule  reduce 65
	Virgule  reduce 65


state 126
	eo : Eq . expr  (14)
	eo : Eq . expr  (67)

	Plus  shift 3
	Minus  shift 4
	Lpar  shift 5
	Typeof  shift 6
	LBracket  shift 7
	LAcc  shift 32
	Cst_int  shift 18
	Cst_float  shift 19
	Cst_bool  shift 20
	Cst_string  shift 21
	Id  shift 22
	.  error

	expr  goto 145
	left_mem  goto 31


state 127
	binding : Id to_ eo .  (68)

	.  reduce 68


state 128
	bindings : binding Virgule bindings .  (70)

	.  reduce 70


state 129
	instr_mached : If Lpar expr Rpar . instr_mached Else instr_mached  (20)
	instr_non_mached : If Lpar expr Rpar . instr  (24)
	instr_non_mached : If Lpar expr Rpar . instr_mached Else instr_non_mached  (25)

	Plus  shift 3
	Minus  shift 4
	Lpar  shift 5
	Typeof  shift 6
	LBracket  shift 7
	LAcc  shift 8
	PVirgule  shift 9
	Var_decl  shift 10
	If  shift 11
	While  shift 12
	Return  shift 13
	Cst_int  shift 18
	Cst_float  shift 19
	Cst_bool  shift 20
	Cst_string  shift 21
	Id  shift 22
	.  error

	instr  goto 146
	instr_mached  goto 147
	instr_non_mached  goto 29
	expr  goto 30
	left_mem  goto 31


state 130
	instr_mached : While Lpar expr Rpar . instr_mached  (21)

	Plus  shift 3
	Minus  shift 4
	Lpar  shift 5
	Typeof  shift 6
	LBracket  shift 7
	LAcc  shift 8
	PVirgule  shift 9
	Var_decl  shift 10
	If  shift 148
	While  shift 12
	Return  shift 13
	Cst_int  shift 18
	Cst_float  shift 19
	Cst_bool  shift 20
	Cst_string  shift 21
	Id  shift 22
	.  error

	instr_mached  goto 149
	expr  goto 30
	left_mem  goto 31


state 131
	decl : Type Id Eq type_expr . PVirgule  (6)
	type_expr : type_expr . LBracket RBracket  (82)
	type_expr : type_expr . Barre union_type  (85)

	Barre  shift 143
	LBracket  shift 144
	PVirgule  shift 150
	.  error


state 132
	possible_empty_bindings : bindings .  (11)

	.  reduce 11


state 133
	decl : Function Id Lpar possible_empty_bindings . Rpar to_ LAcc decl_instr_list RAcc  (9)

	Rpar  shift 151
	.  error


state 134
	expr_list : expr Virgule . expr_list  (59)
	expr_list : .  (57)

	Plus  shift 3
	Minus  shift 4
	Lpar  shift 5
	Typeof  shift 6
	LBracket  shift 7
	LAcc  shift 32
	Cst_int  shift 18
	Cst_float  shift 19
	Cst_bool  shift 20
	Cst_string  shift 21
	Id  shift 22
	Rpar  reduce 57

	expr  goto 96
	left_mem  goto 31
	expr_list  goto 152


state 135
	expr : expr Lpar expr_list Rpar .  (34)

	.  reduce 34


state 136
	left_mem : expr LBracket expr RBracket .  (72)

	.  reduce 72


state 137
	pt_v_or_virgule : PVirgule .  (60)

	.  reduce 60


state 138
	pt_v_or_virgule : Virgule .  (61)

	.  reduce 61


state 139
	obj_list : Id DPoints expr pt_v_or_virgule . obj_list  (63)

	Id  shift 75
	.  error

	obj_list  goto 153


state 140
	id_or_type : Id .  (90)
	id_or_type : Id . DPoints type_expr  (91)

	DPoints  shift 154
	PVirgule  reduce 90
	Virgule  reduce 90


state 141
	type_expr : LAcc type_obj . RAcc  (84)

	RAcc  shift 155
	.  error


state 142
	type_obj : id_or_type . pt_v_or_virgule type_obj  (87)

	PVirgule  shift 137
	Virgule  shift 138
	.  error

	pt_v_or_virgule  goto 156


state 143
	type_expr : type_expr Barre . union_type  (85)

	Any  shift 115
	Type_num  shift 116
	Type_bool  shift 117
	Type_string  shift 118
	LAcc  shift 119
	Cst_int  shift 120
	Cst_float  shift 121
	Cst_bool  shift 122
	Cst_string  shift 123
	Id  shift 124
	.  error

	type_expr  goto 157
	union_type  goto 158


state 144
	type_expr : type_expr LBracket . RBracket  (82)

	RBracket  shift 159
	.  error


145: reduce/reduce conflict (reduce 14, reduce 67) on Rpar
145: reduce/reduce conflict (reduce 14, reduce 67) on PVirgule
145: reduce/reduce conflict (reduce 14, reduce 67) on Virgule
state 145
	eo : Eq expr .  (14)
	expr : expr . Lpar expr_list Rpar  (34)
	expr : expr . Exp expr  (38)
	expr : expr . Times expr  (39)
	expr : expr . Div expr  (40)
	expr : expr . Plus expr  (41)
	expr : expr . Minus expr  (42)
	expr : expr . Comp_lt expr  (43)
	expr : expr . Comp_le expr  (44)
	expr : expr . Comp_gt expr  (45)
	expr : expr . Comp_ge expr  (46)
	expr : expr . Double_eq expr  (47)
	expr : expr . Diff expr  (48)
	expr : expr . Triple_eq expr  (49)
	expr : expr . Double_diff expr  (50)
	expr : expr . And expr  (51)
	expr : expr . Or expr  (52)
	eo : Eq expr .  (67)
	left_mem : expr . LBracket expr RBracket  (72)
	left_mem : expr . Point Id  (73)

	Plus  shift 55
	Times  shift 56
	Minus  shift 57
	Lpar  shift 58
	Point  shift 59
	Exp  shift 60
	Div  shift 61
	Comp_lt  shift 62
	Comp_le  shift 63
	Comp_gt  shift 64
	Comp_ge  shift 65
	Double_eq  shift 66
	Triple_eq  shift 67
	Diff  shift 68
	Double_diff  shift 69
	And  shift 70
	Or  shift 71
	LBracket  shift 72
	Rpar  reduce 14
	PVirgule  reduce 14
	Virgule  reduce 14


state 146
	instr_non_mached : If Lpar expr Rpar instr .  (24)

	.  reduce 24


state 147
	instr : instr_mached .  (12)
	instr_mached : If Lpar expr Rpar instr_mached . Else instr_mached  (20)
	instr_non_mached : If Lpar expr Rpar instr_mached . Else instr_non_mached  (25)

	Else  shift 160
	Plus  reduce 12
	EOF  reduce 12
	Minus  reduce 12
	Lpar  reduce 12
	Typeof  reduce 12
	LBracket  reduce 12
	LAcc  reduce 12
	RAcc  reduce 12
	PVirgule  reduce 12
	Var_decl  reduce 12
	If  reduce 12
	While  reduce 12
	Return  reduce 12
	Type  reduce 12
	Let  reduce 12
	Const  reduce 12
	Function  reduce 12
	Cst_int  reduce 12
	Cst_float  reduce 12
	Cst_bool  reduce 12
	Cst_string  reduce 12
	Id  reduce 12


state 148
	instr_mached : If . Lpar expr Rpar instr_mached Else instr_mached  (20)

	Lpar  shift 161
	.  error


state 149
	instr_mached : While Lpar expr Rpar instr_mached .  (21)

	.  reduce 21


state 150
	decl : Type Id Eq type_expr PVirgule .  (6)

	.  reduce 6


state 151
	decl : Function Id Lpar possible_empty_bindings Rpar . to_ LAcc decl_instr_list RAcc  (9)
	to_ : .  (64)

	DPoints  shift 82
	LAcc  reduce 64

	to_  goto 162


state 152
	expr_list : expr Virgule expr_list .  (59)

	.  reduce 59


state 153
	obj_list : Id DPoints expr pt_v_or_virgule obj_list .  (63)

	.  reduce 63


state 154
	id_or_type : Id DPoints . type_expr  (91)

	Any  shift 115
	Type_num  shift 116
	Type_bool  shift 117
	Type_string  shift 118
	LAcc  shift 119
	Cst_int  shift 120
	Cst_float  shift 121
	Cst_bool  shift 122
	Cst_string  shift 123
	Id  shift 124
	.  error

	type_expr  goto 163


state 155
	type_expr : LAcc type_obj RAcc .  (84)

	.  reduce 84


state 156
	type_obj : id_or_type pt_v_or_virgule . type_obj  (87)
	type_obj : .  (86)

	Id  shift 140
	RAcc  reduce 86

	type_obj  goto 164
	id_or_type  goto 142


157: shift/reduce conflict (shift 165, reduce 88) on Barre
157: shift/reduce conflict (shift 144, reduce 88) on LBracket
state 157
	type_expr : type_expr . LBracket RBracket  (82)
	type_expr : type_expr . Barre union_type  (85)
	union_type : type_expr .  (88)
	union_type : type_expr . Barre union_type  (89)

	Barre  shift 165
	LBracket  shift 144
	Rpar  reduce 88
	Eq  reduce 88
	LAcc  reduce 88
	PVirgule  reduce 88
	Virgule  reduce 88


state 158
	type_expr : type_expr Barre union_type .  (85)

	.  reduce 85


state 159
	type_expr : type_expr LBracket RBracket .  (82)

	.  reduce 82


state 160
	instr_mached : If Lpar expr Rpar instr_mached Else . instr_mached  (20)
	instr_non_mached : If Lpar expr Rpar instr_mached Else . instr_non_mached  (25)

	Plus  shift 3
	Minus  shift 4
	Lpar  shift 5
	Typeof  shift 6
	LBracket  shift 7
	LAcc  shift 8
	PVirgule  shift 9
	Var_decl  shift 10
	If  shift 11
	While  shift 12
	Return  shift 13
	Cst_int  shift 18
	Cst_float  shift 19
	Cst_bool  shift 20
	Cst_string  shift 21
	Id  shift 22
	.  error

	instr_mached  goto 166
	instr_non_mached  goto 167
	expr  goto 30
	left_mem  goto 31


state 161
	instr_mached : If Lpar . expr Rpar instr_mached Else instr_mached  (20)

	Plus  shift 3
	Minus  shift 4
	Lpar  shift 5
	Typeof  shift 6
	LBracket  shift 7
	LAcc  shift 32
	Cst_int  shift 18
	Cst_float  shift 19
	Cst_bool  shift 20
	Cst_string  shift 21
	Id  shift 22
	.  error

	expr  goto 168
	left_mem  goto 31


state 162
	decl : Function Id Lpar possible_empty_bindings Rpar to_ . LAcc decl_instr_list RAcc  (9)

	LAcc  shift 169
	.  error


state 163
	type_expr : type_expr . LBracket RBracket  (82)
	type_expr : type_expr . Barre union_type  (85)
	id_or_type : Id DPoints type_expr .  (91)

	Barre  shift 143
	LBracket  shift 144
	PVirgule  reduce 91
	Virgule  reduce 91


state 164
	type_obj : id_or_type pt_v_or_virgule type_obj .  (87)

	.  reduce 87


state 165
	type_expr : type_expr Barre . union_type  (85)
	union_type : type_expr Barre . union_type  (89)

	Any  shift 115
	Type_num  shift 116
	Type_bool  shift 117
	Type_string  shift 118
	LAcc  shift 119
	Cst_int  shift 120
	Cst_float  shift 121
	Cst_bool  shift 122
	Cst_string  shift 123
	Id  shift 124
	.  error

	type_expr  goto 157
	union_type  goto 170


state 166
	instr_mached : If Lpar expr Rpar instr_mached Else instr_mached .  (20)

	.  reduce 20


state 167
	instr_non_mached : If Lpar expr Rpar instr_mached Else instr_non_mached .  (25)

	.  reduce 25


state 168
	instr_mached : If Lpar expr . Rpar instr_mached Else instr_mached  (20)
	expr : expr . Lpar expr_list Rpar  (34)
	expr : expr . Exp expr  (38)
	expr : expr . Times expr  (39)
	expr : expr . Div expr  (40)
	expr : expr . Plus expr  (41)
	expr : expr . Minus expr  (42)
	expr : expr . Comp_lt expr  (43)
	expr : expr . Comp_le expr  (44)
	expr : expr . Comp_gt expr  (45)
	expr : expr . Comp_ge expr  (46)
	expr : expr . Double_eq expr  (47)
	expr : expr . Diff expr  (48)
	expr : expr . Triple_eq expr  (49)
	expr : expr . Double_diff expr  (50)
	expr : expr . And expr  (51)
	expr : expr . Or expr  (52)
	left_mem : expr . LBracket expr RBracket  (72)
	left_mem : expr . Point Id  (73)

	Plus  shift 55
	Times  shift 56
	Minus  shift 57
	Lpar  shift 58
	Rpar  shift 171
	Point  shift 59
	Exp  shift 60
	Div  shift 61
	Comp_lt  shift 62
	Comp_le  shift 63
	Comp_gt  shift 64
	Comp_ge  shift 65
	Double_eq  shift 66
	Triple_eq  shift 67
	Diff  shift 68
	Double_diff  shift 69
	And  shift 70
	Or  shift 71
	LBracket  shift 72
	.  error


state 169
	decl : Function Id Lpar possible_empty_bindings Rpar to_ LAcc . decl_instr_list RAcc  (9)
	decl_instr_list : .  (4)

	Plus  shift 3
	Minus  shift 4
	Lpar  shift 5
	Typeof  shift 6
	LBracket  shift 7
	LAcc  shift 8
	PVirgule  shift 9
	Var_decl  shift 10
	If  shift 11
	While  shift 12
	Return  shift 13
	Type  shift 14
	Let  shift 15
	Const  shift 16
	Function  shift 17
	Cst_int  shift 18
	Cst_float  shift 19
	Cst_bool  shift 20
	Cst_string  shift 21
	Id  shift 22
	RAcc  reduce 4

	decl_instr_list  goto 172
	decl_instr  goto 25
	decl  goto 26
	instr  goto 27
	instr_mached  goto 28
	instr_non_mached  goto 29
	expr  goto 30
	left_mem  goto 31


170: reduce/reduce conflict (reduce 85, reduce 89) on Rpar
170: reduce/reduce conflict (reduce 85, reduce 89) on Barre
170: reduce/reduce conflict (reduce 85, reduce 89) on Eq
170: reduce/reduce conflict (reduce 85, reduce 89) on LBracket
170: reduce/reduce conflict (reduce 85, reduce 89) on LAcc
170: reduce/reduce conflict (reduce 85, reduce 89) on PVirgule
170: reduce/reduce conflict (reduce 85, reduce 89) on Virgule
state 170
	type_expr : type_expr Barre union_type .  (85)
	union_type : type_expr Barre union_type .  (89)

	.  reduce 85


state 171
	instr_mached : If Lpar expr Rpar . instr_mached Else instr_mached  (20)

	Plus  shift 3
	Minus  shift 4
	Lpar  shift 5
	Typeof  shift 6
	LBracket  shift 7
	LAcc  shift 8
	PVirgule  shift 9
	Var_decl  shift 10
	If  shift 148
	While  shift 12
	Return  shift 13
	Cst_int  shift 18
	Cst_float  shift 19
	Cst_bool  shift 20
	Cst_string  shift 21
	Id  shift 22
	.  error

	instr_mached  goto 173
	expr  goto 30
	left_mem  goto 31


state 172
	decl : Function Id Lpar possible_empty_bindings Rpar to_ LAcc decl_instr_list . RAcc  (9)

	RAcc  shift 174
	.  error


state 173
	instr_mached : If Lpar expr Rpar instr_mached . Else instr_mached  (20)

	Else  shift 175
	.  error


state 174
	decl : Function Id Lpar possible_empty_bindings Rpar to_ LAcc decl_instr_list RAcc .  (9)

	.  reduce 9


state 175
	instr_mached : If Lpar expr Rpar instr_mached Else . instr_mached  (20)

	Plus  shift 3
	Minus  shift 4
	Lpar  shift 5
	Typeof  shift 6
	LBracket  shift 7
	LAcc  shift 8
	PVirgule  shift 9
	Var_decl  shift 10
	If  shift 148
	While  shift 12
	Return  shift 13
	Cst_int  shift 18
	Cst_float  shift 19
	Cst_bool  shift 20
	Cst_string  shift 21
	Id  shift 22
	.  error

	instr_mached  goto 166
	expr  goto 30
	left_mem  goto 31


Rules never reduced:
	eo :  (66)
	eo : Eq expr  (67)
	union_type : type_expr Barre union_type  (89)


State 83 contains 3 reduce/reduce conflicts.
State 145 contains 3 reduce/reduce conflicts.
State 157 contains 2 shift/reduce conflicts.
State 170 contains 7 reduce/reduce conflicts.


52 terminals, 24 nonterminals
93 grammar rules, 176 states
